<?xml version="1.0" encoding="UTF-8"?>
<!-- Generated by org.testng.reporters.JUnitReportReporter -->
<testsuite skipped="0" hostname="Rahul-PC" name="TestNGSessions.PriorityTest" tests="5" failures="0" timestamp="20 May 2020 15:22:27 GMT" time="0.050" errors="0">
  <testcase name="Test1" time="0.019" classname="TestNGSessions.PriorityTest"/>
  <testcase name="Test3" time="0.008" classname="TestNGSessions.PriorityTest"/>
  <testcase name="Test5" time="0.006" classname="TestNGSessions.PriorityTest"/>
  <testcase name="Test2" time="0.010" classname="TestNGSessions.PriorityTest"/>
  <testcase name="Test4" time="0.007" classname="TestNGSessions.PriorityTest"/>
</testsuite> <!-- TestNGSessions.PriorityTest -->
