<?xml version="1.0" encoding="UTF-8"?>
<!-- Generated by org.testng.reporters.JUnitReportReporter -->
<testsuite skipped="0" hostname="Rahul-PC" name="TestNGSessions.DependsOnMethods" tests="3" failures="0" timestamp="19 May 2020 13:29:59 GMT" time="0.023" errors="0">
  <testcase name="loginTest" time="0.017" classname="TestNGSessions.DependsOnMethods"/>
  <testcase name="searchPageTest" time="0.003" classname="TestNGSessions.DependsOnMethods"/>
  <testcase name="homePageTest" time="0.003" classname="TestNGSessions.DependsOnMethods"/>
</testsuite> <!-- TestNGSessions.DependsOnMethods -->
