<?xml version="1.0" encoding="UTF-8"?>
<!-- Generated by org.testng.reporters.JUnitReportReporter -->
<testsuite skipped="2" hostname="Rahul-PC" name="TestNGSessions.DisableTest" tests="5" failures="0" timestamp="19 May 2020 13:33:45 GMT" time="0.025" errors="0">
  <testcase name="Test4" time="0.006" classname="TestNGSessions.DisableTest"/>
  <testcase name="Test1" time="0.017" classname="TestNGSessions.DisableTest"/>
  <testcase name="Test5" time="0.002" classname="TestNGSessions.DisableTest"/>
  <testcase name="Test3" classname="TestNGSessions.DisableTest">
    <skipped/>
  </testcase> <!-- Test3 -->
  <testcase name="Test2" classname="TestNGSessions.DisableTest">
    <skipped/>
  </testcase> <!-- Test2 -->
</testsuite> <!-- TestNGSessions.DisableTest -->
