<?xml version="1.0" encoding="UTF-8"?>
<!-- Generated by org.testng.reporters.JUnitReportReporter -->
<testsuite skipped="0" hostname="Rahul-PC" name="TestNGSessions.TestNGAnnotations" tests="2" failures="0" timestamp="18 May 2020 16:49:47 GMT" time="0.021" errors="0">
  <testcase name="verifyTitleTest" time="0.013" classname="TestNGSessions.TestNGAnnotations"/>
  <testcase name="verifyLoggedInUser" time="0.008" classname="TestNGSessions.TestNGAnnotations"/>
</testsuite> <!-- TestNGSessions.TestNGAnnotations -->
