<?xml version="1.0" encoding="UTF-8"?>
<!-- Generated by org.testng.reporters.JUnitReportReporter -->
<testsuite skipped="0" hostname="Rahul-PC" name="TestNGSessions.ExpectedExceptionConcept" tests="1" failures="0" timestamp="19 May 2020 11:45:51 GMT" time="0.017" errors="0">
  <testcase name="divTest" time="0.017" classname="TestNGSessions.ExpectedExceptionConcept"/>
</testsuite> <!-- TestNGSessions.ExpectedExceptionConcept -->
