<?xml version="1.0" encoding="UTF-8"?>
<!-- Generated by org.testng.reporters.JUnitReportReporter -->
<testsuite skipped="1" hostname="Rahul-PC" name="TestNGSessions.HomePageTest" tests="1" failures="0" timestamp="26 May 2020 14:23:05 GMT" time="0.000" errors="0">
  <testcase name="verifyLogInPageTitleTest" time="0.000" classname="TestNGSessions.HomePageTest">
    <skipped/>
  </testcase> <!-- verifyLogInPageTitleTest -->
</testsuite> <!-- TestNGSessions.HomePageTest -->
