<?xml version="1.0" encoding="UTF-8"?>
<!-- Generated by org.testng.reporters.JUnitReportReporter -->
<testsuite skipped="0" hostname="Rahul-PC" name="TestNGSessions.TestNGSelenium" tests="3" failures="0" timestamp="18 May 2020 17:31:53 GMT" time="6.964" errors="0">
  <testcase name="verifySignUpLinkTest" time="5.907" classname="TestNGSessions.TestNGSelenium"/>
  <testcase name="verifyLogInPageTitleTest" time="0.014" classname="TestNGSessions.TestNGSelenium"/>
  <testcase name="loginTest" time="1.043" classname="TestNGSessions.TestNGSelenium"/>
</testsuite> <!-- TestNGSessions.TestNGSelenium -->
